01 Apr 2024; 11:08:08 AM c.e.b.BackEndReportSchedulerApplication INFO: Starting BackEndReportSchedulerApplication using Java 17.0.10 with PID 9984 (D:\Pekerjaan\PT Padepokan Tujuh Sembilan\GAP Analysys\Locomotive-IoT-Simulation\backEnd-reportScheduler\target\classes started by user in D:\Pekerjaan\PT Padepokan Tujuh Sembilan\GAP Analysys\Locomotive-IoT-Simulation\backEnd-reportScheduler)
01 Apr 2024; 11:08:08 AM c.e.b.BackEndReportSchedulerApplication INFO: No active profile set, falling back to 1 default profile: "default"
01 Apr 2024; 11:08:08 AM o.s.b.d.e.DevToolsPropertyDefaultsPostProcessor INFO: Devtools property defaults active! Set 'spring.devtools.add-properties' to 'false' to disable
01 Apr 2024; 11:08:08 AM o.s.b.d.e.DevToolsPropertyDefaultsPostProcessor INFO: For additional web related logging consider setting the 'logging.level.web' property to 'DEBUG'
01 Apr 2024; 11:08:09 AM o.s.d.r.c.RepositoryConfigurationDelegate INFO: Multiple Spring Data modules found, entering strict repository configuration mode
01 Apr 2024; 11:08:09 AM o.s.d.r.c.RepositoryConfigurationDelegate INFO: Bootstrapping Spring Data JPA repositories in DEFAULT mode.
01 Apr 2024; 11:08:09 AM o.s.d.r.c.RepositoryConfigurationExtensionSupport INFO: Spring Data JPA - Could not safely identify store assignment for repository candidate interface com.example.backEndreportScheduler.repository.LocomotifInfoRepos; If you want this repository to be a JPA repository, consider annotating your entities with one of these annotations: jakarta.persistence.Entity, jakarta.persistence.MappedSuperclass (preferred), or consider extending one of the following types with your repository: org.springframework.data.jpa.repository.JpaRepository
01 Apr 2024; 11:08:09 AM o.s.d.r.c.RepositoryConfigurationDelegate INFO: Finished Spring Data repository scanning in 105 ms. Found 2 JPA repository interfaces.
01 Apr 2024; 11:08:09 AM o.s.d.r.c.RepositoryConfigurationDelegate INFO: Multiple Spring Data modules found, entering strict repository configuration mode
01 Apr 2024; 11:08:09 AM o.s.d.r.c.RepositoryConfigurationDelegate INFO: Bootstrapping Spring Data MongoDB repositories in DEFAULT mode.
01 Apr 2024; 11:08:09 AM o.s.d.r.c.RepositoryConfigurationExtensionSupport INFO: Spring Data MongoDB - Could not safely identify store assignment for repository candidate interface com.example.backEndreportScheduler.repository.LocomotifSummaryRepos; If you want this repository to be a MongoDB repository, consider annotating your entities with one of these annotations: org.springframework.data.mongodb.core.mapping.Document (preferred), or consider extending one of the following types with your repository: org.springframework.data.mongodb.repository.MongoRepository
01 Apr 2024; 11:08:09 AM o.s.d.r.c.RepositoryConfigurationExtensionSupport INFO: Spring Data MongoDB - Could not safely identify store assignment for repository candidate interface com.example.backEndreportScheduler.repository.LocoStatusSummaryRepos; If you want this repository to be a MongoDB repository, consider annotating your entities with one of these annotations: org.springframework.data.mongodb.core.mapping.Document (preferred), or consider extending one of the following types with your repository: org.springframework.data.mongodb.repository.MongoRepository
01 Apr 2024; 11:08:09 AM o.s.d.r.c.RepositoryConfigurationDelegate INFO: Finished Spring Data repository scanning in 17 ms. Found 1 MongoDB repository interface.
01 Apr 2024; 11:08:10 AM o.s.b.w.e.tomcat.TomcatWebServer INFO: Tomcat initialized with port 9090 (http)
01 Apr 2024; 11:08:10 AM o.a.coyote.http11.Http11NioProtocol INFO: Initializing ProtocolHandler ["http-nio-9090"]
01 Apr 2024; 11:08:10 AM o.a.catalina.core.StandardService INFO: Starting service [Tomcat]
01 Apr 2024; 11:08:10 AM o.a.catalina.core.StandardEngine INFO: Starting Servlet engine: [Apache Tomcat/10.1.19]
01 Apr 2024; 11:08:10 AM o.a.c.c.C.[Tomcat].[localhost].[/] INFO: Initializing Spring embedded WebApplicationContext
01 Apr 2024; 11:08:10 AM o.s.b.w.s.c.ServletWebServerApplicationContext INFO: Root WebApplicationContext: initialization completed in 2101 ms
01 Apr 2024; 11:08:11 AM o.h.jpa.internal.util.LogHelper INFO: HHH000204: Processing PersistenceUnitInfo [name: default]
01 Apr 2024; 11:08:11 AM org.hibernate.Version INFO: HHH000412: Hibernate ORM core version 6.4.4.Final
01 Apr 2024; 11:08:11 AM o.h.c.i.RegionFactoryInitiator INFO: HHH000026: Second-level cache disabled
01 Apr 2024; 11:08:11 AM o.s.o.j.p.SpringPersistenceUnitInfo INFO: No LoadTimeWeaver setup: ignoring JPA class transformer
01 Apr 2024; 11:08:11 AM com.zaxxer.hikari.HikariDataSource INFO: HikariPool-1 - Starting...
01 Apr 2024; 11:08:11 AM com.zaxxer.hikari.pool.HikariPool INFO: HikariPool-1 - Added connection org.postgresql.jdbc.PgConnection@6eea4d58
01 Apr 2024; 11:08:11 AM com.zaxxer.hikari.HikariDataSource INFO: HikariPool-1 - Start completed.
01 Apr 2024; 11:08:12 AM o.h.e.t.j.p.i.JtaPlatformInitiator INFO: HHH000489: No JTA platform available (set 'hibernate.transaction.jta.platform' to enable JTA platform integration)
01 Apr 2024; 11:08:12 AM o.s.o.j.LocalContainerEntityManagerFactoryBean INFO: Initialized JPA EntityManagerFactory for persistence unit 'default'
01 Apr 2024; 11:08:13 AM org.mongodb.driver.client INFO: MongoClient with metadata {"driver": {"name": "mongo-java-driver|sync|spring-boot", "version": "4.11.1"}, "os": {"type": "Windows", "name": "Windows 11", "architecture": "amd64", "version": "10.0"}, "platform": "Java/Azul Systems, Inc./17.0.10+7-LTS"} created with settings MongoClientSettings{readPreference=primary, writeConcern=WriteConcern{w=null, wTimeout=null ms, journal=null}, retryWrites=true, retryReads=true, readConcern=ReadConcern{level=null}, credential=null, transportSettings=null, streamFactoryFactory=null, commandListeners=[], codecRegistry=ProvidersCodecRegistry{codecProviders=[ValueCodecProvider{}, BsonValueCodecProvider{}, DBRefCodecProvider{}, DBObjectCodecProvider{}, DocumentCodecProvider{}, CollectionCodecProvider{}, IterableCodecProvider{}, MapCodecProvider{}, GeoJsonCodecProvider{}, GridFSFileCodecProvider{}, Jsr310CodecProvider{}, JsonObjectCodecProvider{}, BsonCodecProvider{}, EnumCodecProvider{}, com.mongodb.client.model.mql.ExpressionCodecProvider@7f511bc3, com.mongodb.Jep395RecordCodecProvider@73e23a38, com.mongodb.KotlinCodecProvider@166e148]}, loggerSettings=LoggerSettings{maxDocumentLength=1000}, clusterSettings={hosts=[localhost:27017], srvServiceName=mongodb, mode=SINGLE, requiredClusterType=UNKNOWN, requiredReplicaSetName='null', serverSelector='null', clusterListeners='[]', serverSelectionTimeout='30000 ms', localThreshold='15 ms'}, socketSettings=SocketSettings{connectTimeoutMS=10000, readTimeoutMS=0, receiveBufferSize=0, proxySettings=ProxySettings{host=null, port=null, username=null, password=null}}, heartbeatSocketSettings=SocketSettings{connectTimeoutMS=10000, readTimeoutMS=10000, receiveBufferSize=0, proxySettings=ProxySettings{host=null, port=null, username=null, password=null}}, connectionPoolSettings=ConnectionPoolSettings{maxSize=100, minSize=0, maxWaitTimeMS=120000, maxConnectionLifeTimeMS=0, maxConnectionIdleTimeMS=0, maintenanceInitialDelayMS=0, maintenanceFrequencyMS=60000, connectionPoolListeners=[], maxConnecting=2}, serverSettings=ServerSettings{heartbeatFrequencyMS=10000, minHeartbeatFrequencyMS=500, serverListeners='[]', serverMonitorListeners='[]'}, sslSettings=SslSettings{enabled=false, invalidHostNameAllowed=false, context=null}, applicationName='null', compressorList=[], uuidRepresentation=JAVA_LEGACY, serverApi=null, autoEncryptionSettings=null, dnsClient=null, inetAddressResolver=null, contextProvider=null}
01 Apr 2024; 11:08:13 AM org.mongodb.driver.cluster INFO: Monitor thread successfully connected to server with description ServerDescription{address=localhost:27017, type=STANDALONE, state=CONNECTED, ok=true, minWireVersion=0, maxWireVersion=21, maxDocumentSize=16777216, logicalSessionTimeoutMinutes=30, roundTripTimeNanos=33248300}
01 Apr 2024; 11:08:13 AM o.s.d.m.c.m.BasicMongoPersistentProperty WARN: Customizing field name for id property 'com.example.backEndreportScheduler.model.LocomotifInfoModel.code' is not allowed; Custom name ('Code') will not be considered
01 Apr 2024; 11:08:13 AM o.s.b.d.a.OptionalLiveReloadServer INFO: LiveReload server is running on port 35729
01 Apr 2024; 11:08:13 AM o.s.d.j.r.query.QueryEnhancerFactory INFO: Hibernate is in classpath; If applicable, HQL parser will be used.
01 Apr 2024; 11:08:14 AM o.s.b.a.o.j.JpaBaseConfiguration$JpaWebConfiguration WARN: spring.jpa.open-in-view is enabled by default. Therefore, database queries may be performed during view rendering. Explicitly configure spring.jpa.open-in-view to disable this warning
01 Apr 2024; 11:08:14 AM o.a.coyote.http11.Http11NioProtocol INFO: Starting ProtocolHandler ["http-nio-9090"]
01 Apr 2024; 11:08:14 AM o.s.b.w.e.tomcat.TomcatWebServer INFO: Tomcat started on port 9090 (http) with context path ''
01 Apr 2024; 11:08:14 AM c.e.b.BackEndReportSchedulerApplication INFO: Started BackEndReportSchedulerApplication in 6.688 seconds (process running for 7.414)
01 Apr 2024; 11:08:14 AM c.e.b.service.MongoService INFO: Fetching data from MongoDB...
01 Apr 2024; 11:08:15 AM c.e.b.service.MongoService INFO: Data fetched!
01 Apr 2024; 11:08:15 AM c.e.b.service.MongoService INFO: /----------------------- Summary Data -----------------------/
01 Apr 2024; 11:08:15 AM c.e.b.service.MongoService INFO: Total Locomotive: 2069
01 Apr 2024; 11:08:15 AM c.e.b.service.MongoService INFO: Total Active: 668
01 Apr 2024; 11:08:15 AM c.e.b.service.MongoService INFO: Total Not Active: 672
01 Apr 2024; 11:08:15 AM c.e.b.service.MongoService INFO: Total Maintenance: 729
01 Apr 2024; 11:08:18 AM c.e.b.service.MongoService INFO: /----------------------- Status Summary Data -----------------------/
01 Apr 2024; 11:08:18 AM c.e.b.service.MongoService INFO: [LocoStatusSummaryModel(locoId=f8a172fb-05bf-4174-b662-a7ff23a87627, locoName=Loco 10, active=82, notActive=74, maintenance=59, total=215, updatedAt=2024-04-01T11:08:18.617250300), LocoStatusSummaryModel(locoId=42560eda-cf7e-49be-91fe-8d2979fffb51, locoName=Loco 2, active=75, notActive=64, maintenance=85, total=224, updatedAt=2024-04-01T11:08:18.622501700), LocoStatusSummaryModel(locoId=ba2ae8ec-1b74-46a9-af0b-2165636f49ff, locoName=Loco 7, active=67, notActive=69, maintenance=61, total=197, updatedAt=2024-04-01T11:08:18.626307600), LocoStatusSummaryModel(locoId=d308a544-a16b-4830-860f-ce1858b9df0d, locoName=Loco 9, active=67, notActive=54, maintenance=80, total=201, updatedAt=2024-04-01T11:08:18.627380300), LocoStatusSummaryModel(locoId=c9374c16-7c37-4c0c-8c75-0fc51b8d2b63, locoName=Loco 8, active=65, notActive=74, maintenance=77, total=216, updatedAt=2024-04-01T11:08:18.629760400), LocoStatusSummaryModel(locoId=557b6039-3f9e-46a0-ac85-ef63c170082f, locoName=Loco 5, active=68, notActive=76, maintenance=78, total=222, updatedAt=2024-04-01T11:08:18.630869), LocoStatusSummaryModel(locoId=488a1830-d694-4105-aeca-0fc80cbc0915, locoName=Loco 3, active=67, notActive=64, maintenance=67, total=198, updatedAt=2024-04-01T11:08:18.632482), LocoStatusSummaryModel(locoId=53f66d73-201c-4ce8-905e-45699957a3f2, locoName=Loco 4, active=60, notActive=61, maintenance=67, total=188, updatedAt=2024-04-01T11:08:18.633553600), LocoStatusSummaryModel(locoId=1aa8d495-21fc-43cc-bb67-3ad3fe3e20fa, locoName=Loco 1, active=54, notActive=72, maintenance=81, total=207, updatedAt=2024-04-01T11:08:18.634103300), LocoStatusSummaryModel(locoId=90141ebe-d3c4-4c4b-917f-2e1bcb4009e9, locoName=Loco 6, active=63, notActive=64, maintenance=74, total=201, updatedAt=2024-04-01T11:08:18.635169600)]

01 Apr 2024; 11:08:20 AM c.e.b.component.TelegramBotReport INFO: Message sent to Telegram succesfully!!!
01 Apr 2024; 11:08:44 AM o.a.c.c.C.[Tomcat].[localhost].[/] INFO: Initializing Spring DispatcherServlet 'dispatcherServlet'
01 Apr 2024; 11:08:44 AM o.s.web.servlet.DispatcherServlet INFO: Initializing Servlet 'dispatcherServlet'
01 Apr 2024; 11:08:44 AM o.s.web.servlet.DispatcherServlet INFO: Completed initialization in 1 ms
01 Apr 2024; 11:08:44 AM c.e.b.c.LocoSummaryController INFO: Getting all data in summary_loco Table -----------------------------------
01 Apr 2024; 11:08:44 AM c.e.b.service.LocoService INFO: SummaryResponses:
 [LocoSummaryResponse(locoId=990fd9e4-eb62-4b1f-946b-ae36cb4bcc5b, totalLocomotive=287, active=97, notActive=90, maintenance=100, updatedAt=2024-03-28T11:03:27.592134), LocoSummaryResponse(locoId=30096160-83e7-49ac-8c69-9ca606625227, totalLocomotive=326, active=109, notActive=103, maintenance=114, updatedAt=2024-03-28T11:10:01.167181), LocoSummaryResponse(locoId=a2ac3684-e92c-453b-b591-91b1a96c542f, totalLocomotive=383, active=126, notActive=120, maintenance=137, updatedAt=2024-03-28T11:19:29.365395), LocoSummaryResponse(locoId=82a38987-676d-44da-a00e-a18ae29f4147, totalLocomotive=743, active=239, notActive=246, maintenance=258, updatedAt=2024-03-28T12:19:29.317819), LocoSummaryResponse(locoId=731600e6-adbc-4f52-ba09-4f90a63dbaa0, totalLocomotive=774, active=248, notActive=261, maintenance=265, updatedAt=2024-03-28T12:24:38.551857), LocoSummaryResponse(locoId=b425ee3e-9807-40c7-8f9d-88c7d289235a, totalLocomotive=970, active=322, notActive=313, maintenance=335, updatedAt=2024-03-28T12:57:18.013782), LocoSummaryResponse(locoId=cbeb0ea1-e8c1-4cfe-956b-4483028da4e8, totalLocomotive=1126, active=373, notActive=361, maintenance=392, updatedAt=2024-03-28T13:23:17.210038), LocoSummaryResponse(locoId=42b39dc6-fa57-4c0d-a9b2-ac324b2ad894, totalLocomotive=1133, active=377, notActive=362, maintenance=394, updatedAt=2024-03-28T13:24:22.015967), LocoSummaryResponse(locoId=f75bd009-94f7-4dba-8f0f-c57a6c71cc1c, totalLocomotive=1150, active=381, notActive=370, maintenance=399, updatedAt=2024-03-28T13:27:14.456392), LocoSummaryResponse(locoId=196cb8aa-44e9-439c-82c6-ff4ac007cc83, totalLocomotive=1154, active=382, notActive=371, maintenance=401, updatedAt=2024-03-28T13:27:52.957431)]
01 Apr 2024; 11:09:10 AM o.s.o.j.LocalContainerEntityManagerFactoryBean INFO: Closing JPA EntityManagerFactory for persistence unit 'default'
01 Apr 2024; 11:09:10 AM com.zaxxer.hikari.HikariDataSource INFO: HikariPool-1 - Shutdown initiated...
01 Apr 2024; 11:09:10 AM com.zaxxer.hikari.HikariDataSource INFO: HikariPool-1 - Shutdown completed.
